<?xml version="1.0" encoding="UTF-8"?>
<testng-results ignored="0" total="1" passed="1" failed="0" skipped="0">
  <reporter-output>
  </reporter-output>
  <suite started-at="2022-08-22T18:46:53 AST" name="Default suite" finished-at="2022-08-22T18:47:07 AST" duration-ms="14006">
    <groups>
    </groups>
    <test started-at="2022-08-22T18:46:53 AST" name="Default test" finished-at="2022-08-22T18:47:07 AST" duration-ms="14006">
      <class name="ass3W11D3.SendKeysusingAndroidTesting.TestAss3W11D3">
        <test-method is-config="true" signature="setUp()[pri:0, instance:ass3W11D3.SendKeysusingAndroidTesting.TestAss3W11D3@59662a0b]" started-at="2022-08-22T18:46:20 AST" name="setUp" finished-at="2022-08-22T18:46:53 AST" duration-ms="32815" status="PASS">
          <reporter-output>
          </reporter-output>
        </test-method> <!-- setUp -->
        <test-method is-config="true" signature="location()[pri:0, instance:ass3W11D3.SendKeysusingAndroidTesting.TestAss3W11D3@59662a0b]" started-at="2022-08-22T18:46:53 AST" name="location" finished-at="2022-08-22T18:47:01 AST" duration-ms="7734" status="PASS">
          <reporter-output>
          </reporter-output>
        </test-method> <!-- location -->
        <test-method signature="sendKeyTest()[pri:0, instance:ass3W11D3.SendKeysusingAndroidTesting.TestAss3W11D3@59662a0b]" started-at="2022-08-22T18:47:01 AST" name="sendKeyTest" finished-at="2022-08-22T18:47:06 AST" duration-ms="5815" status="PASS">
          <reporter-output>
          </reporter-output>
        </test-method> <!-- sendKeyTest -->
        <test-method is-config="true" signature="tearDown()[pri:0, instance:ass3W11D3.SendKeysusingAndroidTesting.TestAss3W11D3@59662a0b]" started-at="2022-08-22T18:47:06 AST" name="tearDown" finished-at="2022-08-22T18:47:07 AST" duration-ms="424" status="PASS">
          <reporter-output>
          </reporter-output>
        </test-method> <!-- tearDown -->
      </class> <!-- ass3W11D3.SendKeysusingAndroidTesting.TestAss3W11D3 -->
    </test> <!-- Default test -->
  </suite> <!-- Default suite -->
</testng-results>
